<?xml version="1.0" encoding="UTF-8"?>
<testng-results ignored="0" total="2" passed="0" failed="0" skipped="2">
  <reporter-output>
  </reporter-output>
  <suite started-at="2023-10-16T07:45:55 PST" name="Default suite" finished-at="2023-10-16T07:46:42 PST" duration-ms="46124">
    <groups>
    </groups>
    <test started-at="2023-10-16T07:45:55 PST" name="Default test" finished-at="2023-10-16T07:46:42 PST" duration-ms="46124">
      <class name="automation.testsuite.LoginTest">
        <test-method is-config="true" signature="openChromeDriver()[pri:0, instance:automation.testsuite.LoginTest@496bc455]" started-at="2023-10-16T07:45:55 PST" name="openChromeDriver" finished-at="2023-10-16T07:46:41 PST" duration-ms="45889" status="FAIL">
          <exception class="org.openqa.selenium.WebDriverException">
            <message>
              <![CDATA[Failed to connect to binary FirefoxBinary(/Applications/Firefox.app/Contents/MacOS/firefox-bin) on port 7055; process output follows: 
2023-10-16 07:45:57.516 plugin-container[13635:41048] nil host used in call to allowsSpecificHTTPSCertificateForHost
2023-10-16 07:45:57.516 plugin-container[13635:41048] nil host used in call to allowsAnyHTTPSCertificateForHost:
2023-10-16 07:45:57.528 plugin-container[13635:41048] nil host used in call to allowsSpecificHTTPSCertificateForHost
2023-10-16 07:45:57.528 plugin-container[13635:41048] nil host used in call to allowsAnyHTTPSCertificateForHost:
2023-10-16 07:45:57.528 plugin-container[13635:41046] nil host used in call to allowsSpecificHTTPSCertificateForHost
2023-10-16 07:45:57.528 plugin-container[13635:41046] nil host used in call to allowsAnyHTTPSCertificateForHost:
2023-10-15 23:45:59.036 plugin-container[13646:41343] nil host used in call to allowsSpecificHTTPSCertificateForHost
2023-10-15 23:45:59.036 plugin-container[13646:41343] nil host used in call to allowsAnyHTTPSCertificateForHost:
2023-10-15 23:45:59.039 plugin-container[13646:41343] nil host used in call to allowsSpecificHTTPSCertificateForHost
2023-10-15 23:45:59.039 plugin-container[13646:41343] nil host used in call to allowsAnyHTTPSCertificateForHost:
2023-10-15 23:45:59.039 plugin-container[13646:41359] nil host used in call to allowsSpecificHTTPSCertificateForHost
2023-10-15 23:45:59.039 plugin-container[13646:41359] nil host used in call to allowsAnyHTTPSCertificateForHost:

Build info: version: '2.53.1', revision: 'a36b8b1cd5757287168e54b817830adce9b0158d', time: '2016-06-30 19:26:09'
System info: host: 'MacBook-Air-cua-ADMIN-2.local', ip: '127.50.100.1', os.name: 'Mac OS X', os.arch: 'x86_64', os.version: '12.1', java.version: '17.0.8.1'
Driver info: driver.version: FirefoxDriver]]>
            </message>
            <full-stacktrace>
              <![CDATA[org.openqa.selenium.WebDriverException: Failed to connect to binary FirefoxBinary(/Applications/Firefox.app/Contents/MacOS/firefox-bin) on port 7055; process output follows: 
2023-10-16 07:45:57.516 plugin-container[13635:41048] nil host used in call to allowsSpecificHTTPSCertificateForHost
2023-10-16 07:45:57.516 plugin-container[13635:41048] nil host used in call to allowsAnyHTTPSCertificateForHost:
2023-10-16 07:45:57.528 plugin-container[13635:41048] nil host used in call to allowsSpecificHTTPSCertificateForHost
2023-10-16 07:45:57.528 plugin-container[13635:41048] nil host used in call to allowsAnyHTTPSCertificateForHost:
2023-10-16 07:45:57.528 plugin-container[13635:41046] nil host used in call to allowsSpecificHTTPSCertificateForHost
2023-10-16 07:45:57.528 plugin-container[13635:41046] nil host used in call to allowsAnyHTTPSCertificateForHost:
2023-10-15 23:45:59.036 plugin-container[13646:41343] nil host used in call to allowsSpecificHTTPSCertificateForHost
2023-10-15 23:45:59.036 plugin-container[13646:41343] nil host used in call to allowsAnyHTTPSCertificateForHost:
2023-10-15 23:45:59.039 plugin-container[13646:41343] nil host used in call to allowsSpecificHTTPSCertificateForHost
2023-10-15 23:45:59.039 plugin-container[13646:41343] nil host used in call to allowsAnyHTTPSCertificateForHost:
2023-10-15 23:45:59.039 plugin-container[13646:41359] nil host used in call to allowsSpecificHTTPSCertificateForHost
2023-10-15 23:45:59.039 plugin-container[13646:41359] nil host used in call to allowsAnyHTTPSCertificateForHost:

Build info: version: '2.53.1', revision: 'a36b8b1cd5757287168e54b817830adce9b0158d', time: '2016-06-30 19:26:09'
System info: host: 'MacBook-Air-cua-ADMIN-2.local', ip: '127.50.100.1', os.name: 'Mac OS X', os.arch: 'x86_64', os.version: '12.1', java.version: '17.0.8.1'
Driver info: driver.version: FirefoxDriver
at org.openqa.selenium.firefox.internal.NewProfileExtensionConnection.start(NewProfileExtensionConnection.java:125)
at org.openqa.selenium.firefox.FirefoxDriver.startClient(FirefoxDriver.java:271)
at org.openqa.selenium.remote.RemoteWebDriver.<init>(RemoteWebDriver.java:119)
at org.openqa.selenium.firefox.FirefoxDriver.<init>(FirefoxDriver.java:216)
at org.openqa.selenium.firefox.FirefoxDriver.<init>(FirefoxDriver.java:211)
at org.openqa.selenium.firefox.FirefoxDriver.<init>(FirefoxDriver.java:207)
at org.openqa.selenium.firefox.FirefoxDriver.<init>(FirefoxDriver.java:120)
at automation.common.CommonBase.initFirefoxDriverTest(CommonBase.java:84)
at automation.testsuite.LoginTest.openChromeDriver(LoginTest.java:19)
at java.base/jdk.internal.reflect.NativeMethodAccessorImpl.invoke0(Native Method)
at java.base/jdk.internal.reflect.NativeMethodAccessorImpl.invoke(NativeMethodAccessorImpl.java:77)
at java.base/jdk.internal.reflect.DelegatingMethodAccessorImpl.invoke(DelegatingMethodAccessorImpl.java:43)
at java.base/java.lang.reflect.Method.invoke(Method.java:568)
at org.testng.internal.MethodInvocationHelper.invokeMethod(MethodInvocationHelper.java:133)
at org.testng.internal.MethodInvocationHelper.invokeMethodConsideringTimeout(MethodInvocationHelper.java:62)
at org.testng.internal.ConfigInvoker.invokeConfigurationMethod(ConfigInvoker.java:385)
at org.testng.internal.ConfigInvoker.invokeConfigurations(ConfigInvoker.java:321)
at org.testng.TestRunner.invokeTestConfigurations(TestRunner.java:637)
at org.testng.TestRunner.beforeRun(TestRunner.java:627)
at org.testng.TestRunner.run(TestRunner.java:589)
at org.testng.SuiteRunner.runTest(SuiteRunner.java:377)
at org.testng.SuiteRunner.runSequentially(SuiteRunner.java:371)
at org.testng.SuiteRunner.privateRun(SuiteRunner.java:332)
at org.testng.SuiteRunner.run(SuiteRunner.java:276)
at org.testng.SuiteRunnerWorker.runSuite(SuiteRunnerWorker.java:53)
at org.testng.SuiteRunnerWorker.run(SuiteRunnerWorker.java:96)
at org.testng.TestNG.runSuitesSequentially(TestNG.java:1212)
at org.testng.TestNG.runSuitesLocally(TestNG.java:1134)
at org.testng.TestNG.runSuites(TestNG.java:1063)
at org.testng.TestNG.run(TestNG.java:1031)
at org.testng.remote.AbstractRemoteTestNG.run(AbstractRemoteTestNG.java:115)
at org.testng.remote.RemoteTestNG.initAndRun(RemoteTestNG.java:251)
at org.testng.remote.RemoteTestNG.main(RemoteTestNG.java:77)
Caused by: org.openqa.selenium.firefox.NotConnectedException: Unable to connect to host 127.0.0.1 on port 7055 after 45000 ms. Firefox console output:
2023-10-16 07:45:57.516 plugin-container[13635:41048] nil host used in call to allowsSpecificHTTPSCertificateForHost
2023-10-16 07:45:57.516 plugin-container[13635:41048] nil host used in call to allowsAnyHTTPSCertificateForHost:
2023-10-16 07:45:57.528 plugin-container[13635:41048] nil host used in call to allowsSpecificHTTPSCertificateForHost
2023-10-16 07:45:57.528 plugin-container[13635:41048] nil host used in call to allowsAnyHTTPSCertificateForHost:
2023-10-16 07:45:57.528 plugin-container[13635:41046] nil host used in call to allowsSpecificHTTPSCertificateForHost
2023-10-16 07:45:57.528 plugin-container[13635:41046] nil host used in call to allowsAnyHTTPSCertificateForHost:
2023-10-15 23:45:59.036 plugin-container[13646:41343] nil host used in call to allowsSpecificHTTPSCertificateForHost
2023-10-15 23:45:59.036 plugin-container[13646:41343] nil host used in call to allowsAnyHTTPSCertificateForHost:
2023-10-15 23:45:59.039 plugin-container[13646:41343] nil host used in call to allowsSpecificHTTPSCertificateForHost
2023-10-15 23:45:59.039 plugin-container[13646:41343] nil host used in call to allowsAnyHTTPSCertificateForHost:
2023-10-15 23:45:59.039 plugin-container[13646:41359] nil host used in call to allowsSpecificHTTPSCertificateForHost
2023-10-15 23:45:59.039 plugin-container[13646:41359] nil host used in call to allowsAnyHTTPSCertificateForHost:

at org.openqa.selenium.firefox.internal.NewProfileExtensionConnection.start(NewProfileExtensionConnection.java:113)
... 32 more
]]>
            </full-stacktrace>
          </exception> <!-- org.openqa.selenium.WebDriverException -->
          <reporter-output>
          </reporter-output>
        </test-method> <!-- openChromeDriver -->
        <test-method signature="loginFail_IncorrectPass()[pri:0, instance:automation.testsuite.LoginTest@496bc455]" started-at="2023-10-16T07:46:42 PST" name="loginFail_IncorrectPass" finished-at="2023-10-16T07:46:42 PST" duration-ms="0" status="SKIP">
          <exception class="org.openqa.selenium.WebDriverException">
            <message>
              <![CDATA[Failed to connect to binary FirefoxBinary(/Applications/Firefox.app/Contents/MacOS/firefox-bin) on port 7055; process output follows: 
2023-10-16 07:45:57.516 plugin-container[13635:41048] nil host used in call to allowsSpecificHTTPSCertificateForHost
2023-10-16 07:45:57.516 plugin-container[13635:41048] nil host used in call to allowsAnyHTTPSCertificateForHost:
2023-10-16 07:45:57.528 plugin-container[13635:41048] nil host used in call to allowsSpecificHTTPSCertificateForHost
2023-10-16 07:45:57.528 plugin-container[13635:41048] nil host used in call to allowsAnyHTTPSCertificateForHost:
2023-10-16 07:45:57.528 plugin-container[13635:41046] nil host used in call to allowsSpecificHTTPSCertificateForHost
2023-10-16 07:45:57.528 plugin-container[13635:41046] nil host used in call to allowsAnyHTTPSCertificateForHost:
2023-10-15 23:45:59.036 plugin-container[13646:41343] nil host used in call to allowsSpecificHTTPSCertificateForHost
2023-10-15 23:45:59.036 plugin-container[13646:41343] nil host used in call to allowsAnyHTTPSCertificateForHost:
2023-10-15 23:45:59.039 plugin-container[13646:41343] nil host used in call to allowsSpecificHTTPSCertificateForHost
2023-10-15 23:45:59.039 plugin-container[13646:41343] nil host used in call to allowsAnyHTTPSCertificateForHost:
2023-10-15 23:45:59.039 plugin-container[13646:41359] nil host used in call to allowsSpecificHTTPSCertificateForHost
2023-10-15 23:45:59.039 plugin-container[13646:41359] nil host used in call to allowsAnyHTTPSCertificateForHost:

Build info: version: '2.53.1', revision: 'a36b8b1cd5757287168e54b817830adce9b0158d', time: '2016-06-30 19:26:09'
System info: host: 'MacBook-Air-cua-ADMIN-2.local', ip: '127.50.100.1', os.name: 'Mac OS X', os.arch: 'x86_64', os.version: '12.1', java.version: '17.0.8.1'
Driver info: driver.version: FirefoxDriver]]>
            </message>
            <full-stacktrace>
              <![CDATA[org.openqa.selenium.WebDriverException: Failed to connect to binary FirefoxBinary(/Applications/Firefox.app/Contents/MacOS/firefox-bin) on port 7055; process output follows: 
2023-10-16 07:45:57.516 plugin-container[13635:41048] nil host used in call to allowsSpecificHTTPSCertificateForHost
2023-10-16 07:45:57.516 plugin-container[13635:41048] nil host used in call to allowsAnyHTTPSCertificateForHost:
2023-10-16 07:45:57.528 plugin-container[13635:41048] nil host used in call to allowsSpecificHTTPSCertificateForHost
2023-10-16 07:45:57.528 plugin-container[13635:41048] nil host used in call to allowsAnyHTTPSCertificateForHost:
2023-10-16 07:45:57.528 plugin-container[13635:41046] nil host used in call to allowsSpecificHTTPSCertificateForHost
2023-10-16 07:45:57.528 plugin-container[13635:41046] nil host used in call to allowsAnyHTTPSCertificateForHost:
2023-10-15 23:45:59.036 plugin-container[13646:41343] nil host used in call to allowsSpecificHTTPSCertificateForHost
2023-10-15 23:45:59.036 plugin-container[13646:41343] nil host used in call to allowsAnyHTTPSCertificateForHost:
2023-10-15 23:45:59.039 plugin-container[13646:41343] nil host used in call to allowsSpecificHTTPSCertificateForHost
2023-10-15 23:45:59.039 plugin-container[13646:41343] nil host used in call to allowsAnyHTTPSCertificateForHost:
2023-10-15 23:45:59.039 plugin-container[13646:41359] nil host used in call to allowsSpecificHTTPSCertificateForHost
2023-10-15 23:45:59.039 plugin-container[13646:41359] nil host used in call to allowsAnyHTTPSCertificateForHost:

Build info: version: '2.53.1', revision: 'a36b8b1cd5757287168e54b817830adce9b0158d', time: '2016-06-30 19:26:09'
System info: host: 'MacBook-Air-cua-ADMIN-2.local', ip: '127.50.100.1', os.name: 'Mac OS X', os.arch: 'x86_64', os.version: '12.1', java.version: '17.0.8.1'
Driver info: driver.version: FirefoxDriver
at org.openqa.selenium.firefox.internal.NewProfileExtensionConnection.start(NewProfileExtensionConnection.java:125)
at org.openqa.selenium.firefox.FirefoxDriver.startClient(FirefoxDriver.java:271)
at org.openqa.selenium.remote.RemoteWebDriver.<init>(RemoteWebDriver.java:119)
at org.openqa.selenium.firefox.FirefoxDriver.<init>(FirefoxDriver.java:216)
at org.openqa.selenium.firefox.FirefoxDriver.<init>(FirefoxDriver.java:211)
at org.openqa.selenium.firefox.FirefoxDriver.<init>(FirefoxDriver.java:207)
at org.openqa.selenium.firefox.FirefoxDriver.<init>(FirefoxDriver.java:120)
at automation.common.CommonBase.initFirefoxDriverTest(CommonBase.java:84)
at automation.testsuite.LoginTest.openChromeDriver(LoginTest.java:19)
at java.base/jdk.internal.reflect.NativeMethodAccessorImpl.invoke0(Native Method)
at java.base/jdk.internal.reflect.NativeMethodAccessorImpl.invoke(NativeMethodAccessorImpl.java:77)
at java.base/jdk.internal.reflect.DelegatingMethodAccessorImpl.invoke(DelegatingMethodAccessorImpl.java:43)
at java.base/java.lang.reflect.Method.invoke(Method.java:568)
at org.testng.internal.MethodInvocationHelper.invokeMethod(MethodInvocationHelper.java:133)
at org.testng.internal.MethodInvocationHelper.invokeMethodConsideringTimeout(MethodInvocationHelper.java:62)
at org.testng.internal.ConfigInvoker.invokeConfigurationMethod(ConfigInvoker.java:385)
at org.testng.internal.ConfigInvoker.invokeConfigurations(ConfigInvoker.java:321)
at org.testng.TestRunner.invokeTestConfigurations(TestRunner.java:637)
at org.testng.TestRunner.beforeRun(TestRunner.java:627)
at org.testng.TestRunner.run(TestRunner.java:589)
at org.testng.SuiteRunner.runTest(SuiteRunner.java:377)
at org.testng.SuiteRunner.runSequentially(SuiteRunner.java:371)
at org.testng.SuiteRunner.privateRun(SuiteRunner.java:332)
at org.testng.SuiteRunner.run(SuiteRunner.java:276)
at org.testng.SuiteRunnerWorker.runSuite(SuiteRunnerWorker.java:53)
at org.testng.SuiteRunnerWorker.run(SuiteRunnerWorker.java:96)
at org.testng.TestNG.runSuitesSequentially(TestNG.java:1212)
at org.testng.TestNG.runSuitesLocally(TestNG.java:1134)
at org.testng.TestNG.runSuites(TestNG.java:1063)
at org.testng.TestNG.run(TestNG.java:1031)
at org.testng.remote.AbstractRemoteTestNG.run(AbstractRemoteTestNG.java:115)
at org.testng.remote.RemoteTestNG.initAndRun(RemoteTestNG.java:251)
at org.testng.remote.RemoteTestNG.main(RemoteTestNG.java:77)
Caused by: org.openqa.selenium.firefox.NotConnectedException: Unable to connect to host 127.0.0.1 on port 7055 after 45000 ms. Firefox console output:
2023-10-16 07:45:57.516 plugin-container[13635:41048] nil host used in call to allowsSpecificHTTPSCertificateForHost
2023-10-16 07:45:57.516 plugin-container[13635:41048] nil host used in call to allowsAnyHTTPSCertificateForHost:
2023-10-16 07:45:57.528 plugin-container[13635:41048] nil host used in call to allowsSpecificHTTPSCertificateForHost
2023-10-16 07:45:57.528 plugin-container[13635:41048] nil host used in call to allowsAnyHTTPSCertificateForHost:
2023-10-16 07:45:57.528 plugin-container[13635:41046] nil host used in call to allowsSpecificHTTPSCertificateForHost
2023-10-16 07:45:57.528 plugin-container[13635:41046] nil host used in call to allowsAnyHTTPSCertificateForHost:
2023-10-15 23:45:59.036 plugin-container[13646:41343] nil host used in call to allowsSpecificHTTPSCertificateForHost
2023-10-15 23:45:59.036 plugin-container[13646:41343] nil host used in call to allowsAnyHTTPSCertificateForHost:
2023-10-15 23:45:59.039 plugin-container[13646:41343] nil host used in call to allowsSpecificHTTPSCertificateForHost
2023-10-15 23:45:59.039 plugin-container[13646:41343] nil host used in call to allowsAnyHTTPSCertificateForHost:
2023-10-15 23:45:59.039 plugin-container[13646:41359] nil host used in call to allowsSpecificHTTPSCertificateForHost
2023-10-15 23:45:59.039 plugin-container[13646:41359] nil host used in call to allowsAnyHTTPSCertificateForHost:

at org.openqa.selenium.firefox.internal.NewProfileExtensionConnection.start(NewProfileExtensionConnection.java:113)
... 32 more
]]>
            </full-stacktrace>
          </exception> <!-- org.openqa.selenium.WebDriverException -->
          <reporter-output>
          </reporter-output>
        </test-method> <!-- loginFail_IncorrectPass -->
        <test-method signature="loginSuccessfully()[pri:0, instance:automation.testsuite.LoginTest@496bc455]" started-at="2023-10-16T07:46:42 PST" name="loginSuccessfully" finished-at="2023-10-16T07:46:42 PST" duration-ms="0" status="SKIP">
          <exception class="org.openqa.selenium.WebDriverException">
            <message>
              <![CDATA[Failed to connect to binary FirefoxBinary(/Applications/Firefox.app/Contents/MacOS/firefox-bin) on port 7055; process output follows: 
2023-10-16 07:45:57.516 plugin-container[13635:41048] nil host used in call to allowsSpecificHTTPSCertificateForHost
2023-10-16 07:45:57.516 plugin-container[13635:41048] nil host used in call to allowsAnyHTTPSCertificateForHost:
2023-10-16 07:45:57.528 plugin-container[13635:41048] nil host used in call to allowsSpecificHTTPSCertificateForHost
2023-10-16 07:45:57.528 plugin-container[13635:41048] nil host used in call to allowsAnyHTTPSCertificateForHost:
2023-10-16 07:45:57.528 plugin-container[13635:41046] nil host used in call to allowsSpecificHTTPSCertificateForHost
2023-10-16 07:45:57.528 plugin-container[13635:41046] nil host used in call to allowsAnyHTTPSCertificateForHost:
2023-10-15 23:45:59.036 plugin-container[13646:41343] nil host used in call to allowsSpecificHTTPSCertificateForHost
2023-10-15 23:45:59.036 plugin-container[13646:41343] nil host used in call to allowsAnyHTTPSCertificateForHost:
2023-10-15 23:45:59.039 plugin-container[13646:41343] nil host used in call to allowsSpecificHTTPSCertificateForHost
2023-10-15 23:45:59.039 plugin-container[13646:41343] nil host used in call to allowsAnyHTTPSCertificateForHost:
2023-10-15 23:45:59.039 plugin-container[13646:41359] nil host used in call to allowsSpecificHTTPSCertificateForHost
2023-10-15 23:45:59.039 plugin-container[13646:41359] nil host used in call to allowsAnyHTTPSCertificateForHost:

Build info: version: '2.53.1', revision: 'a36b8b1cd5757287168e54b817830adce9b0158d', time: '2016-06-30 19:26:09'
System info: host: 'MacBook-Air-cua-ADMIN-2.local', ip: '127.50.100.1', os.name: 'Mac OS X', os.arch: 'x86_64', os.version: '12.1', java.version: '17.0.8.1'
Driver info: driver.version: FirefoxDriver]]>
            </message>
            <full-stacktrace>
              <![CDATA[org.openqa.selenium.WebDriverException: Failed to connect to binary FirefoxBinary(/Applications/Firefox.app/Contents/MacOS/firefox-bin) on port 7055; process output follows: 
2023-10-16 07:45:57.516 plugin-container[13635:41048] nil host used in call to allowsSpecificHTTPSCertificateForHost
2023-10-16 07:45:57.516 plugin-container[13635:41048] nil host used in call to allowsAnyHTTPSCertificateForHost:
2023-10-16 07:45:57.528 plugin-container[13635:41048] nil host used in call to allowsSpecificHTTPSCertificateForHost
2023-10-16 07:45:57.528 plugin-container[13635:41048] nil host used in call to allowsAnyHTTPSCertificateForHost:
2023-10-16 07:45:57.528 plugin-container[13635:41046] nil host used in call to allowsSpecificHTTPSCertificateForHost
2023-10-16 07:45:57.528 plugin-container[13635:41046] nil host used in call to allowsAnyHTTPSCertificateForHost:
2023-10-15 23:45:59.036 plugin-container[13646:41343] nil host used in call to allowsSpecificHTTPSCertificateForHost
2023-10-15 23:45:59.036 plugin-container[13646:41343] nil host used in call to allowsAnyHTTPSCertificateForHost:
2023-10-15 23:45:59.039 plugin-container[13646:41343] nil host used in call to allowsSpecificHTTPSCertificateForHost
2023-10-15 23:45:59.039 plugin-container[13646:41343] nil host used in call to allowsAnyHTTPSCertificateForHost:
2023-10-15 23:45:59.039 plugin-container[13646:41359] nil host used in call to allowsSpecificHTTPSCertificateForHost
2023-10-15 23:45:59.039 plugin-container[13646:41359] nil host used in call to allowsAnyHTTPSCertificateForHost:

Build info: version: '2.53.1', revision: 'a36b8b1cd5757287168e54b817830adce9b0158d', time: '2016-06-30 19:26:09'
System info: host: 'MacBook-Air-cua-ADMIN-2.local', ip: '127.50.100.1', os.name: 'Mac OS X', os.arch: 'x86_64', os.version: '12.1', java.version: '17.0.8.1'
Driver info: driver.version: FirefoxDriver
at org.openqa.selenium.firefox.internal.NewProfileExtensionConnection.start(NewProfileExtensionConnection.java:125)
at org.openqa.selenium.firefox.FirefoxDriver.startClient(FirefoxDriver.java:271)
at org.openqa.selenium.remote.RemoteWebDriver.<init>(RemoteWebDriver.java:119)
at org.openqa.selenium.firefox.FirefoxDriver.<init>(FirefoxDriver.java:216)
at org.openqa.selenium.firefox.FirefoxDriver.<init>(FirefoxDriver.java:211)
at org.openqa.selenium.firefox.FirefoxDriver.<init>(FirefoxDriver.java:207)
at org.openqa.selenium.firefox.FirefoxDriver.<init>(FirefoxDriver.java:120)
at automation.common.CommonBase.initFirefoxDriverTest(CommonBase.java:84)
at automation.testsuite.LoginTest.openChromeDriver(LoginTest.java:19)
at java.base/jdk.internal.reflect.NativeMethodAccessorImpl.invoke0(Native Method)
at java.base/jdk.internal.reflect.NativeMethodAccessorImpl.invoke(NativeMethodAccessorImpl.java:77)
at java.base/jdk.internal.reflect.DelegatingMethodAccessorImpl.invoke(DelegatingMethodAccessorImpl.java:43)
at java.base/java.lang.reflect.Method.invoke(Method.java:568)
at org.testng.internal.MethodInvocationHelper.invokeMethod(MethodInvocationHelper.java:133)
at org.testng.internal.MethodInvocationHelper.invokeMethodConsideringTimeout(MethodInvocationHelper.java:62)
at org.testng.internal.ConfigInvoker.invokeConfigurationMethod(ConfigInvoker.java:385)
at org.testng.internal.ConfigInvoker.invokeConfigurations(ConfigInvoker.java:321)
at org.testng.TestRunner.invokeTestConfigurations(TestRunner.java:637)
at org.testng.TestRunner.beforeRun(TestRunner.java:627)
at org.testng.TestRunner.run(TestRunner.java:589)
at org.testng.SuiteRunner.runTest(SuiteRunner.java:377)
at org.testng.SuiteRunner.runSequentially(SuiteRunner.java:371)
at org.testng.SuiteRunner.privateRun(SuiteRunner.java:332)
at org.testng.SuiteRunner.run(SuiteRunner.java:276)
at org.testng.SuiteRunnerWorker.runSuite(SuiteRunnerWorker.java:53)
at org.testng.SuiteRunnerWorker.run(SuiteRunnerWorker.java:96)
at org.testng.TestNG.runSuitesSequentially(TestNG.java:1212)
at org.testng.TestNG.runSuitesLocally(TestNG.java:1134)
at org.testng.TestNG.runSuites(TestNG.java:1063)
at org.testng.TestNG.run(TestNG.java:1031)
at org.testng.remote.AbstractRemoteTestNG.run(AbstractRemoteTestNG.java:115)
at org.testng.remote.RemoteTestNG.initAndRun(RemoteTestNG.java:251)
at org.testng.remote.RemoteTestNG.main(RemoteTestNG.java:77)
Caused by: org.openqa.selenium.firefox.NotConnectedException: Unable to connect to host 127.0.0.1 on port 7055 after 45000 ms. Firefox console output:
2023-10-16 07:45:57.516 plugin-container[13635:41048] nil host used in call to allowsSpecificHTTPSCertificateForHost
2023-10-16 07:45:57.516 plugin-container[13635:41048] nil host used in call to allowsAnyHTTPSCertificateForHost:
2023-10-16 07:45:57.528 plugin-container[13635:41048] nil host used in call to allowsSpecificHTTPSCertificateForHost
2023-10-16 07:45:57.528 plugin-container[13635:41048] nil host used in call to allowsAnyHTTPSCertificateForHost:
2023-10-16 07:45:57.528 plugin-container[13635:41046] nil host used in call to allowsSpecificHTTPSCertificateForHost
2023-10-16 07:45:57.528 plugin-container[13635:41046] nil host used in call to allowsAnyHTTPSCertificateForHost:
2023-10-15 23:45:59.036 plugin-container[13646:41343] nil host used in call to allowsSpecificHTTPSCertificateForHost
2023-10-15 23:45:59.036 plugin-container[13646:41343] nil host used in call to allowsAnyHTTPSCertificateForHost:
2023-10-15 23:45:59.039 plugin-container[13646:41343] nil host used in call to allowsSpecificHTTPSCertificateForHost
2023-10-15 23:45:59.039 plugin-container[13646:41343] nil host used in call to allowsAnyHTTPSCertificateForHost:
2023-10-15 23:45:59.039 plugin-container[13646:41359] nil host used in call to allowsSpecificHTTPSCertificateForHost
2023-10-15 23:45:59.039 plugin-container[13646:41359] nil host used in call to allowsAnyHTTPSCertificateForHost:

at org.openqa.selenium.firefox.internal.NewProfileExtensionConnection.start(NewProfileExtensionConnection.java:113)
... 32 more
]]>
            </full-stacktrace>
          </exception> <!-- org.openqa.selenium.WebDriverException -->
          <reporter-output>
          </reporter-output>
        </test-method> <!-- loginSuccessfully -->
        <test-method is-config="true" signature="closeChromeBrowser()[pri:0, instance:automation.testsuite.LoginTest@496bc455]" started-at="2023-10-16T07:46:42 PST" name="closeChromeBrowser" finished-at="1970-01-01T08:00:00 PST" duration-ms="-1697413602091" status="SKIP">
          <reporter-output>
          </reporter-output>
        </test-method> <!-- closeChromeBrowser -->
      </class> <!-- automation.testsuite.LoginTest -->
    </test> <!-- Default test -->
  </suite> <!-- Default suite -->
</testng-results>
